2.419991200010000298e+01
4.731884083934313701e+00
4.082301207640623097e+00
3.231300873225789960e+00
2.762700996541914922e+00
2.169919511594856854e+00
1.668199512900761849e+00
1.255641377737877207e+00
9.143771327659706571e-01
6.498870763439258402e-01
4.351394364891870703e-01
2.880180953278522749e-01
1.663473429238940815e-01
1.108790644919043084e-01
4.222345698847590478e-02
2.188654194584190374e-02
6.923843541616575212e-03
1.322211805663396893e-03
9.987857645431308439e-05
9.946084753630155678e-07
1.269080257508989421e-10
2.124357022952911290e-18
0.000000000000000000e+00
