2.328671677679582217e+02
4.639427394491685064e+00
2.802976747071101826e+01
1.196060094532231233e+01
1.475151205063919768e+01
1.139595601586877649e+01
8.471702865810383898e+00
6.688481409332016625e+00
5.007384965279007893e+00
4.999502945721118863e+00
3.525762238514884128e+00
5.522258217394995228e+00
2.103078855657444457e+00
7.468865974242021366e+00
5.210915527889015131e-01
2.075745129100762032e+00
1.554486500025705320e+00
6.612915510175982892e-01
2.497312717491446676e-01
2.154524518222926052e-02
3.036372344669002613e-04
3.176625754578273536e-08
0.000000000000000000e+00
