 itr      obj      opt     time  num_f_evals  num_g_evals     step
   0 2.42E+01 2.33E+02 1.09E-04            1            1 0.00E+00
   1 4.73E+00 4.64E+00 2.14E-02            2            2 1.00E+00
   2 4.08E+00 2.80E+01 3.37E-02            6            3 1.24E-01
   3 3.23E+00 1.20E+01 4.65E-02            7            4 1.00E+00
   4 2.76E+00 1.48E+01 5.93E-02            9            6 5.28E-01
   5 2.17E+00 1.14E+01 7.03E-02           10            7 1.00E+00
   6 1.67E+00 8.47E+00 8.17E-02           11            8 1.00E+00
   7 1.26E+00 6.69E+00 9.29E-02           12            9 1.00E+00
   8 9.14E-01 5.01E+00 1.05E-01           13           10 1.00E+00
   9 6.50E-01 5.00E+00 1.16E-01           14           11 1.00E+00
  10 4.35E-01 3.53E+00 1.28E-01           15           12 1.00E+00
  11 2.88E-01 5.52E+00 1.39E-01           16           13 1.00E+00
  12 1.66E-01 2.10E+00 1.50E-01           17           14 1.00E+00
  13 1.11E-01 7.47E+00 1.62E-01           18           15 1.00E+00
  14 4.22E-02 5.21E-01 1.73E-01           19           16 1.00E+00
  15 2.19E-02 2.08E+00 1.85E-01           21           17 4.79E-01
  16 6.92E-03 1.55E+00 1.96E-01           22           18 1.00E+00
  17 1.32E-03 6.61E-01 2.09E-01           23           19 1.00E+00
  18 9.99E-05 2.50E-01 2.21E-01           24           20 1.00E+00
  19 9.95E-07 2.15E-02 2.33E-01           25           21 1.00E+00
  20 1.27E-10 3.04E-04 2.45E-01           26           22 1.00E+00
  21 2.12E-18 3.18E-08 2.57E-01           27           23 1.00E+00
  22 0.00E+00 0.00E+00 2.69E-01           28           24 1.00E+00