1.089572906494140625e-04
2.136802673339843750e-02
3.372406959533691406e-02
4.654097557067871094e-02
5.925083160400390625e-02
7.033109664916992188e-02
8.166384696960449219e-02
9.288215637207031250e-02
1.050810813903808594e-01
1.164081096649169922e-01
1.276600360870361328e-01
1.389379501342773438e-01
1.502649784088134766e-01
1.619100570678710938e-01
1.733238697052001953e-01
1.850490570068359375e-01
1.964058876037597656e-01
2.088530063629150391e-01
2.208878993988037109e-01
2.331559658050537109e-01
2.449078559875488281e-01
2.567579746246337891e-01
2.688171863555908203e-01
