-1.199999999999999956e+00 1.000000999999999918e+00
-1.175280843327737745e+00 1.380674023986570909e+00
-9.358638703391397584e-01 8.179851311274421999e-01
-7.818720280392190691e-01 5.876103807352376363e-01
-6.180341665326752887e-01 3.439311902531308474e-01
-4.300438523158799375e-01 1.495973566753528716e-01
-2.527965601832988796e-01 3.248949827217569031e-02
-8.078757639183520300e-02 -2.306045800570540732e-02
7.545389414129161088e-02 -1.871810697326869652e-02
2.326286965255505435e-01 2.941219194264584405e-02
3.617987424501984406e-01 1.142134292743693658e-01
5.089521153178611090e-01 2.373781405401960143e-01
6.010669504917767192e-01 3.527963361143662824e-01
7.489827173753647038e-01 5.390960368342254672e-01
7.956765286573999063e-01 6.309208262442478343e-01
8.638112504487983623e-01 7.403913242982128606e-01
9.269870593333709996e-01 8.553138253433105742e-01
9.675895818610333876e-01 9.345810340904001645e-01
9.919635775581023829e-01 9.833976475356286384e-01
9.991465331846572928e-01 9.982421999233864751e-01
9.999912830512105444e-01 9.999818525760691967e-01
9.999999987560905801e-01 9.999999974362175914e-01
1.000000000000000000e+00 1.000000000000000000e+00
