2.419991200010000298e+01
1.914013483202327848e+01
1.287815587215307289e+01
7.024056823982498976e+00
6.921753494886150548e+00
6.803629958178037285e+00
6.686562967670868218e+00
6.576254768300145770e+00
6.445781042220780854e+00
6.343934571091931929e+00
6.201517475225911014e+00
6.108552351554243920e+00
5.955725757606626480e+00
5.871854925442125506e+00
5.710189401765893180e+00
5.635442048616002175e+00
5.466513907381647108e+00
5.400759965134689367e+00
5.391438986994637084e+00
5.324258734619774280e+00
5.306674503632997641e+00
5.238861147547745567e+00
5.213068831050021501e+00
5.145364602003720478e+00
5.111513054217850183e+00
5.044599842761348540e+00
5.002925758410244228e+00
4.937417975919334623e+00
4.888238561984256769e+00
4.824678208294772119e+00
4.768382675422270900e+00
4.707236518891429355e+00
4.644276702441174187e+00
4.585935416941280707e+00
4.516815833361894406e+00
4.461594890267832625e+00
4.386862519341319100e+00
4.335004600916051665e+00
4.255238660649242277e+00
4.206917343460572667e+00
4.122719294312737759e+00
4.078043745936296816e+00
3.990027726888900617e+00
3.949048164281696138e+00
3.857832027010582365e+00
3.820545698507388899e+00
3.726742769382521914e+00
3.693100242175458181e+00
3.597311906446488905e+00
3.567223465659668413e+00
3.565429828877417773e+00
3.534309719039196551e+00
3.529221711976007647e+00
3.497337395826364492e+00
3.488945477449872712e+00
3.456556210746274616e+00
3.444878498207306627e+00
3.412232516738837873e+00
3.397314022840531855e+00
3.364646091850521437e+00
3.346557586113972693e+00
3.314086936328486832e+00
3.292923468625352790e+00
3.260852131449617719e+00
3.236731262481606031e+00
3.205242805993516519e+00
3.178302592584298480e+00
3.147561250036428504e+00
3.117958035298739272e+00
3.088108209168292984e+00
3.056014268199639172e+00
3.027180385554830711e+00
2.992781476538826979e+00
2.965068165697457125e+00
2.928561034308864830e+00
2.902053588460554501e+00
2.863643470481794573e+00
2.838408561082130355e+00
2.798306724342792151e+00
2.774393325569304292e+00
2.732814687917198171e+00
2.710255173169931364e+00
2.667416028374158365e+00
2.646227400555980935e+00
2.602343279009912358e+00
2.582528497957810920e+00
2.537812183959450074e+00
2.519361556746980035e+00
2.474021279129337891e+00
2.456913881848783454e+00
2.411151689932703235e+00
2.395356792829998582e+00
2.349367125172919124e+00
2.334845596502292064e+00
2.288814045791551344e+00
2.275519713346628947e+00
2.229621987084035695e+00
2.217502939936177420e+00
2.215406616497238801e+00
2.202939449990561016e+00
2.199794398199968803e+00
