2.328671677679582217e+02
2.926354284796349248e+02
1.726253155403861399e+02
2.114428073089309521e+02
1.992482249784260375e+02
2.073302805080595306e+02
1.952381045031742985e+02
2.030114981626971655e+02
1.910433650942774193e+02
1.985127509336766138e+02
1.866887379052874110e+02
1.938595496633324728e+02
1.821981316759228946e+02
1.890764467388802927e+02
1.775944784042085871e+02
1.841868959799406582e+02
1.728996144509622184e+02
1.792131476787650399e+02
1.714158806708072973e+02
1.775562210497922422e+02
1.697273131818087393e+02
1.756919518320468683e+02
1.678445637619743707e+02
1.736317879296711340e+02
1.657788959352826623e+02
1.713877349952431928e+02
1.635420499786771131e+02
1.689722186087548721e+02
1.611461129192844055e+02
1.663979528304595021e+02
1.586033953766913953e+02
1.636778168131172038e+02
1.559263167046332228e+02
1.608247407468726919e+02
1.531272994980276678e+02
1.578516020192454619e+02
1.502186741681168485e+02
1.547711321150698893e+02
1.472125939604819962e+02
1.515958344645993350e+02
1.441209605038105792e+02
1.483379131766904209e+02
1.409553597348966889e+02
1.450092123696304895e+02
1.377270078477802429e+02
1.416211656338702767e+02
1.344467067607742194e+02
1.381847550260575588e+02
1.311248084812664274e+02
1.347104788983603498e+02
1.302918149490415942e+02
1.337881079079423614e+02
1.293396926727739640e+02
1.327451923626882149e+02
1.282725950855297867e+02
1.315861968930495323e+02
1.270950024942585372e+02
1.303159006141292195e+02
1.258116823225242342e+02
1.289393559017530890e+02
1.244276490311097376e+02
1.274618471467338310e+02
1.229481242369273133e+02
1.258888499960467868e+02
1.213784975021204104e+02
1.242259915360009188e+02
1.197242882112616513e+02
1.224790118145890432e+02
1.179911088974202045e+02
1.206537270401960882e+02
1.161846303192965593e+02
1.187559947334757453e+02
1.143105485335224785e+02
1.167916810502255345e+02
1.123745541499272775e+02
1.147666304367319583e+02
1.103823039042728453e+02
1.126866377264230721e+02
1.083393946337080394e+02
1.105574227386277073e+02
1.062513396954932574e+02
1.083846073971192254e+02
1.041235478298953012e+02
1.061736953485023633e+02
1.019613044338045000e+02
1.039300540282060865e+02
9.976975518247806463e+01
1.016588990949756237e+02
9.755389191286381845e+01
9.936528113305747922e+01
9.531854066288023830e+01
9.705407450436280214e+01
9.306835174648405484e+01
9.472996822048220622e+01
9.080779173400644311e+01
9.239745869599894945e+01
8.854113720053142345e+01
9.006084423962813901e+01
8.799401726340009589e+01
8.947195253336442988e+01
8.738844377259088958e+01
