2.789497375488281250e-05
2.896595001220703125e-02
4.386878013610839844e-02
5.755281448364257812e-02
7.565689086914062500e-02
9.311294555664062500e-02
1.103329658508300781e-01
1.292181015014648438e-01
1.487898826599121094e-01
1.670088768005371094e-01
1.850569248199462891e-01
2.026998996734619141e-01
2.221279144287109375e-01
2.404680252075195312e-01
2.585577964782714844e-01
2.764008045196533203e-01
2.942888736724853516e-01
3.122937679290771484e-01
3.306579589843750000e-01
3.491718769073486328e-01
3.676519393920898438e-01
3.865578174591064453e-01
4.050769805908203125e-01
4.232578277587890625e-01
4.414238929748535156e-01
4.600739479064941406e-01
4.783968925476074219e-01
4.970829486846923828e-01
5.160350799560546875e-01
5.373609066009521484e-01
5.583999156951904297e-01
5.800807476043701172e-01
5.987880229949951172e-01
6.176619529724121094e-01
6.372458934783935547e-01
6.559319496154785156e-01
6.741020679473876953e-01
6.942467689514160156e-01
7.141938209533691406e-01
7.346198558807373047e-01
7.536177635192871094e-01
7.721810340881347656e-01
7.908339500427246094e-01
8.099019527435302734e-01
8.288209438323974609e-01
8.482019901275634766e-01
8.693130016326904297e-01
8.883247375488281250e-01
9.077949523925781250e-01
9.270567893981933594e-01
9.464688301086425781e-01
9.664449691772460938e-01
9.867520332336425781e-01
1.006617784500122070e+00
1.027997970581054688e+00
1.049018144607543945e+00
1.068509817123413086e+00
1.088361024856567383e+00
1.107918024063110352e+00
1.128070831298828125e+00
1.148068904876708984e+00
1.169261932373046875e+00
1.189287900924682617e+00
1.209454059600830078e+00
1.228423833847045898e+00
1.247535705566406250e+00
1.266824007034301758e+00
1.286182880401611328e+00
1.305830955505371094e+00
1.325657844543457031e+00
1.345369100570678711e+00
1.364969968795776367e+00
1.384412765502929688e+00
1.404083967208862305e+00
1.424518823623657227e+00
1.445034027099609375e+00
1.465668916702270508e+00
1.486586093902587891e+00
1.506660699844360352e+00
1.527849912643432617e+00
1.550058841705322266e+00
1.570307970046997070e+00
1.590562105178833008e+00
1.636868715286254883e+00
1.658711910247802734e+00
1.678424119949340820e+00
1.698207855224609375e+00
1.717731952667236328e+00
1.738210916519165039e+00
1.758660793304443359e+00
1.779659986495971680e+00
1.799634933471679688e+00
1.821265935897827148e+00
1.841293096542358398e+00
1.862706899642944336e+00
1.883787870407104492e+00
1.904407978057861328e+00
1.924783706665039062e+00
1.944628953933715820e+00
1.966056823730468750e+00
1.987267971038818359e+00
