-1.199999999999999956e+00 1.000000999999999918e+00
1.605768633217161900e+00 2.145212633909869382e+00
-1.853453505336993379e+00 3.217667311105378403e+00
2.119690500181322435e+00 4.252872288172743431e+00
2.008915113155606669e+00 4.278718198163296016e+00
2.118225681803554306e+00 4.251227725616999464e+00
2.009607592682572275e+00 4.276582658010536164e+00
2.116718946865536743e+00 4.249648638421315461e+00
2.010366106390580665e+00 4.274486917161367749e+00
2.115177004606245248e+00 4.248134994889236182e+00
2.011183562678485082e+00 4.272434041898018897e+00
2.113606299090263096e+00 4.246686321070011871e+00
2.012053016616734524e+00 4.270426575231345723e+00
2.112012972350523654e+00 4.245301743033712327e+00
2.012967726809763214e+00 4.268466557870939759e+00
2.110402836960610706e+00 4.243980030631988143e+00
2.013921201412516737e+00 4.266555554990416610e+00
2.108781357071965346e+00 4.242719641662161756e+00
2.013959010651516390e+00 4.264916657509234099e+00
2.108004650570661553e+00 4.241283398603000521e+00
2.014060245768377833e+00 4.263280553328144151e+00
2.107179077598250849e+00 4.239878538394289187e+00
2.014222324993639734e+00 4.261650170179780872e+00
2.106307891593693249e+00 4.238506485173551219e+00
2.014442431333528294e+00 4.260028293263047772e+00
2.105394445252192437e+00 4.237168431656209044e+00
2.014717552037897264e+00 4.258417545888336875e+00
2.104442156220446503e+00 4.235865339542344010e+00
2.015044517432377891e+00 4.256820373734330865e+00
2.103454474889026926e+00 4.234597942827300621e+00
2.015420038454485585e+00 4.255239032707575753e+00
2.102434854631628269e+00 4.233366753721583109e+00
2.015840742348641967e+00 4.253675580306444104e+00
2.101386724737826839e+00 4.232172070856595525e+00
2.016303206091176303e+00 4.252131870315831286e+00
2.100313466190417699e+00 4.231013989436717360e+00
2.016803987228574346e+00 4.250609550598816178e+00
2.099218390352783903e+00 4.229892412993745410e+00
2.017339651916714161e+00 4.249110063706578622e+00
2.098104720557604441e+00 4.228807066405239290e+00
2.017906800042995830e+00 4.247634649997420908e+00
2.096975576526179275e+00 4.227757509852145823e+00
2.018502087395380951e+00 4.246184352938603190e+00
2.095833961497800324e+00 4.226743153411391063e+00
2.019122244911697450e+00 4.244760026259236874e+00
2.094682751910397656e+00 4.225763272004299687e+00
2.019764095099032097e+00 4.243362342626968875e+00
2.093524689446251141e+00 4.224817020450038818e+00
2.020424565757174662e+00 4.241991803533706751e+00
2.092362375238719707e+00 4.223903448403495631e+00
2.020380886283252408e+00 4.240817894555947376e+00
2.091861179344443933e+00 4.222842385885177130e+00
2.020373040215745153e+00 4.239643094873730256e+00
2.091330472708865962e+00 4.221796915628905467e+00
2.020400078744213790e+00 4.238468680371271446e+00
2.090771583836390057e+00 4.220767735202776372e+00
2.020460940731104049e+00 4.237295892199500535e+00
2.090185907851957126e+00 4.219755460834712757e+00
2.020554463592718175e+00 4.236125929559911185e+00
2.089574895625773365e+00 4.218760625901848194e+00
2.020679394505219051e+00 4.234959943245416802e+00
2.088940043048963968e+00 4.217783680231671717e+00
2.020834401771067768e+00 4.233799029980779949e+00
2.088282880579654055e+00 4.216824990180110255e+00
2.021018086192720720e+00 4.232644227588115982e+00
2.087604963163860017e+00 4.215884839441693011e+00
2.021228992314105355e+00 4.231496510986770154e+00
2.086907860619777288e+00 4.214963430538690936e+00
2.021465619405645509e+00 4.230356789021943342e+00
2.086193148558104227e+00 4.214060886929622107e+00
2.021726432084891556e+00 4.229225902102980328e+00
2.085462399895343211e+00 4.213177255672799326e+00
2.022009870481480842e+00 4.228104620620553256e+00
2.084717177001990329e+00 4.212312510577543634e+00
2.022314359871781431e+00 4.226993644102039482e+00
2.083959024513426073e+00 4.211466555774214804e+00
2.022638319724705536e+00 4.225893601056358584e+00
2.083189462818377802e+00 4.210639229634151270e+00
2.022980172115463660e+00 4.224805049453336458e+00
2.082409982228247802e+00 4.209830308971810986e+00
2.023338349478222220e+00 4.223728477778209367e+00
2.081622037820394233e+00 4.209039513463694426e+00
2.023711301681535346e+00 4.222664306599090978e+00
2.080827044939753456e+00 4.208266510221776002e+00
2.024097502421889683e+00 4.221612890583918976e+00
2.080026375335910060e+00 4.207510918463067462e+00
2.024495454940728578e+00 4.220574520903452864e+00
2.079221353906848258e+00 4.206772314221333353e+00
2.024903697078835219e+00 4.219549427958043886e+00
2.078413256016079291e+00 4.206050235051767672e+00
2.025320805689042380e+00 4.218537784368082022e+00
2.077603305346501728e+00 4.205344184684451925e+00
2.025745400433936361e+00 4.217539708170928492e+00
2.076792672252125271e+00 4.204653637587510318e+00
2.026176146999637773e+00 4.216555266170714411e+00
2.075982472567544423e+00 4.203978043405966147e+00
2.026611759759989084e+00 4.215584477391350227e+00
2.075173766834635281e+00 4.203316831247279950e+00
2.026564915413470391e+00 4.214741563914083500e+00
2.074826359512470297e+00 4.202547803050754816e+00
2.026535378143171862e+00 4.213897939897694123e+00
